{"/Users/ande/Desktop/Rivic - V1.1/RivicQ/src/cbom/generator.ts": {"path":"/Users/ande/Desktop/Rivic - V1.1/RivicQ/src/cbom/generator.ts","statementMap":{"0":{"start":{"line":55,"column":10},"end":{"line":60,"column":5}},"1":{"start":{"line":62,"column":10},"end":{"line":78,"column":4}},"2":{"start":{"line":81,"column":4},"end":{"line":81,"column":66}},"3":{"start":{"line":83,"column":19},"end":{"line":83,"column":60}},"4":{"start":{"line":84,"column":23},"end":{"line":84,"column":72}},"5":{"start":{"line":84,"column":43},"end":{"line":84,"column":71}},"6":{"start":{"line":87,"column":4},"end":{"line":92,"column":5}},"7":{"start":{"line":88,"column":6},"end":{"line":91,"column":8}},"8":{"start":{"line":94,"column":4},"end":{"line":107,"column":6}},"9":{"start":{"line":116,"column":38},"end":{"line":143,"column":6}},"10":{"start":{"line":145,"column":4},"end":{"line":145,"column":22}},"11":{"start":{"line":149,"column":27},"end":{"line":155,"column":6}},"12":{"start":{"line":157,"column":4},"end":{"line":168,"column":5}},"13":{"start":{"line":158,"column":6},"end":{"line":162,"column":8}},"14":{"start":{"line":164,"column":6},"end":{"line":167,"column":7}},"15":{"start":{"line":165,"column":8},"end":{"line":166,"column":51}},"16":{"start":{"line":170,"column":4},"end":{"line":170,"column":21}},"17":{"start":{"line":174,"column":20},"end":{"line":174,"column":96}},"18":{"start":{"line":176,"column":4},"end":{"line":178,"column":5}},"19":{"start":{"line":177,"column":6},"end":{"line":177,"column":61}},"20":{"start":{"line":180,"column":4},"end":{"line":192,"column":6}},"21":{"start":{"line":196,"column":4},"end":{"line":196,"column":61}},"22":{"start":{"line":203,"column":42},"end":{"line":223,"column":6}},"23":{"start":{"line":225,"column":23},"end":{"line":225,"column":80}},"24":{"start":{"line":225,"column":51},"end":{"line":225,"column":79}},"25":{"start":{"line":227,"column":4},"end":{"line":240,"column":6}},"26":{"start":{"line":244,"column":29},"end":{"line":244,"column":31}},"27":{"start":{"line":247,"column":4},"end":{"line":249,"column":5}},"28":{"start":{"line":248,"column":6},"end":{"line":248,"column":60}},"29":{"start":{"line":251,"column":4},"end":{"line":253,"column":5}},"30":{"start":{"line":252,"column":6},"end":{"line":252,"column":56}},"31":{"start":{"line":256,"column":30},"end":{"line":259,"column":6}},"32":{"start":{"line":257,"column":22},"end":{"line":257,"column":72}},"33":{"start":{"line":258,"column":6},"end":{"line":258,"column":53}},"34":{"start":{"line":261,"column":4},"end":{"line":263,"column":5}},"35":{"start":{"line":262,"column":6},"end":{"line":262,"column":110}},"36":{"start":{"line":262,"column":88},"end":{"line":262,"column":94}},"37":{"start":{"line":265,"column":4},"end":{"line":268,"column":6}},"38":{"start":{"line":272,"column":21},"end":{"line":272,"column":44}},"39":{"start":{"line":275,"column":4},"end":{"line":277,"column":5}},"40":{"start":{"line":276,"column":6},"end":{"line":276,"column":18}},"41":{"start":{"line":280,"column":4},"end":{"line":282,"column":5}},"42":{"start":{"line":281,"column":6},"end":{"line":281,"column":18}},"43":{"start":{"line":285,"column":4},"end":{"line":287,"column":5}},"44":{"start":{"line":286,"column":6},"end":{"line":286,"column":18}},"45":{"start":{"line":289,"column":4},"end":{"line":289,"column":17}},"46":{"start":{"line":293,"column":24},"end":{"line":293,"column":46}},"47":{"start":{"line":294,"column":30},"end":{"line":297,"column":13}},"48":{"start":{"line":295,"column":22},"end":{"line":295,"column":72}},"49":{"start":{"line":296,"column":6},"end":{"line":296,"column":52}},"50":{"start":{"line":299,"column":29},"end":{"line":299,"column":90}},"51":{"start":{"line":301,"column":4},"end":{"line":316,"column":6}},"52":{"start":{"line":320,"column":38},"end":{"line":320,"column":40}},"53":{"start":{"line":322,"column":4},"end":{"line":336,"column":7}},"54":{"start":{"line":323,"column":22},"end":{"line":323,"column":72}},"55":{"start":{"line":325,"column":6},"end":{"line":327,"column":7}},"56":{"start":{"line":326,"column":8},"end":{"line":326,"column":110}},"57":{"start":{"line":329,"column":6},"end":{"line":331,"column":7}},"58":{"start":{"line":330,"column":8},"end":{"line":330,"column":102}},"59":{"start":{"line":333,"column":6},"end":{"line":335,"column":7}},"60":{"start":{"line":334,"column":8},"end":{"line":334,"column":107}},"61":{"start":{"line":338,"column":4},"end":{"line":340,"column":5}},"62":{"start":{"line":339,"column":6},"end":{"line":339,"column":84}},"63":{"start":{"line":342,"column":4},"end":{"line":342,"column":27}},"64":{"start":{"line":346,"column":4},"end":{"line":361,"column":6}},"65":{"start":{"line":54,"column":0},"end":{"line":54,"column":13}}},"fnMap":{"0":{"name":"(anonymous_0)","decl":{"start":{"line":54,"column":0},"end":{"line":54,"column":13}},"loc":{"start":{"line":54,"column":0},"end":{"line":363,"column":1}}},"1":{"name":"(anonymous_1)","decl":{"start":{"line":80,"column":2},"end":{"line":80,"column":7}},"loc":{"start":{"line":80,"column":63},"end":{"line":108,"column":3}}},"2":{"name":"(anonymous_2)","decl":{"start":{"line":84,"column":34},"end":{"line":84,"column":39}},"loc":{"start":{"line":84,"column":43},"end":{"line":84,"column":71}}},"3":{"name":"(anonymous_3)","decl":{"start":{"line":110,"column":10},"end":{"line":110,"column":15}},"loc":{"start":{"line":110,"column":53},"end":{"line":146,"column":3}}},"4":{"name":"(anonymous_4)","decl":{"start":{"line":148,"column":10},"end":{"line":148,"column":26}},"loc":{"start":{"line":148,"column":45},"end":{"line":171,"column":3}}},"5":{"name":"(anonymous_5)","decl":{"start":{"line":173,"column":10},"end":{"line":173,"column":34}},"loc":{"start":{"line":173,"column":56},"end":{"line":193,"column":3}}},"6":{"name":"(anonymous_6)","decl":{"start":{"line":195,"column":2},"end":{"line":195,"column":7}},"loc":{"start":{"line":195,"column":48},"end":{"line":241,"column":3}}},"7":{"name":"(anonymous_7)","decl":{"start":{"line":225,"column":42},"end":{"line":225,"column":47}},"loc":{"start":{"line":225,"column":51},"end":{"line":225,"column":79}}},"8":{"name":"(anonymous_8)","decl":{"start":{"line":243,"column":2},"end":{"line":243,"column":7}},"loc":{"start":{"line":243,"column":39},"end":{"line":269,"column":3}}},"9":{"name":"(anonymous_9)","decl":{"start":{"line":256,"column":53},"end":{"line":256,"column":57}},"loc":{"start":{"line":256,"column":60},"end":{"line":259,"column":5}}},"10":{"name":"(anonymous_10)","decl":{"start":{"line":262,"column":83},"end":{"line":262,"column":84}},"loc":{"start":{"line":262,"column":88},"end":{"line":262,"column":94}}},"11":{"name":"(anonymous_11)","decl":{"start":{"line":271,"column":10},"end":{"line":271,"column":23}},"loc":{"start":{"line":271,"column":41},"end":{"line":290,"column":3}}},"12":{"name":"(anonymous_12)","decl":{"start":{"line":292,"column":2},"end":{"line":292,"column":26}},"loc":{"start":{"line":292,"column":45},"end":{"line":317,"column":3}}},"13":{"name":"(anonymous_13)","decl":{"start":{"line":294,"column":53},"end":{"line":294,"column":57}},"loc":{"start":{"line":294,"column":60},"end":{"line":297,"column":5}}},"14":{"name":"(anonymous_14)","decl":{"start":{"line":319,"column":10},"end":{"line":319,"column":33}},"loc":{"start":{"line":319,"column":52},"end":{"line":343,"column":3}}},"15":{"name":"(anonymous_15)","decl":{"start":{"line":322,"column":28},"end":{"line":322,"column":32}},"loc":{"start":{"line":322,"column":35},"end":{"line":336,"column":5}}},"16":{"name":"(anonymous_16)","decl":{"start":{"line":345,"column":2},"end":{"line":345,"column":7}},"loc":{"start":{"line":345,"column":31},"end":{"line":362,"column":3}}}},"branchMap":{"0":{"loc":{"start":{"line":87,"column":4},"end":{"line":92,"column":5}},"type":"if","locations":[{"start":{"line":87,"column":4},"end":{"line":92,"column":5}}]},"1":{"loc":{"start":{"line":157,"column":4},"end":{"line":168,"column":5}},"type":"if","locations":[{"start":{"line":157,"column":4},"end":{"line":168,"column":5}}]},"2":{"loc":{"start":{"line":164,"column":6},"end":{"line":167,"column":7}},"type":"if","locations":[{"start":{"line":164,"column":6},"end":{"line":167,"column":7}}]},"3":{"loc":{"start":{"line":176,"column":4},"end":{"line":178,"column":5}},"type":"if","locations":[{"start":{"line":176,"column":4},"end":{"line":178,"column":5}}]},"4":{"loc":{"start":{"line":187,"column":36},"end":{"line":187,"column":89}},"type":"cond-expr","locations":[{"start":{"line":187,"column":60},"end":{"line":187,"column":77}},{"start":{"line":187,"column":80},"end":{"line":187,"column":89}}]},"5":{"loc":{"start":{"line":247,"column":4},"end":{"line":249,"column":5}},"type":"if","locations":[{"start":{"line":247,"column":4},"end":{"line":249,"column":5}}]},"6":{"loc":{"start":{"line":251,"column":4},"end":{"line":253,"column":5}},"type":"if","locations":[{"start":{"line":251,"column":4},"end":{"line":253,"column":5}}]},"7":{"loc":{"start":{"line":258,"column":13},"end":{"line":258,"column":52}},"type":"binary-expr","locations":[{"start":{"line":258,"column":13},"end":{"line":258,"column":20}},{"start":{"line":258,"column":24},"end":{"line":258,"column":52}}]},"8":{"loc":{"start":{"line":261,"column":4},"end":{"line":263,"column":5}},"type":"if","locations":[{"start":{"line":261,"column":4},"end":{"line":263,"column":5}}]},"9":{"loc":{"start":{"line":275,"column":4},"end":{"line":277,"column":5}},"type":"if","locations":[{"start":{"line":275,"column":4},"end":{"line":277,"column":5}}]},"10":{"loc":{"start":{"line":280,"column":4},"end":{"line":282,"column":5}},"type":"if","locations":[{"start":{"line":280,"column":4},"end":{"line":282,"column":5}}]},"11":{"loc":{"start":{"line":285,"column":4},"end":{"line":287,"column":5}},"type":"if","locations":[{"start":{"line":285,"column":4},"end":{"line":287,"column":5}}]},"12":{"loc":{"start":{"line":296,"column":13},"end":{"line":296,"column":51}},"type":"binary-expr","locations":[{"start":{"line":296,"column":13},"end":{"line":296,"column":20}},{"start":{"line":296,"column":24},"end":{"line":296,"column":51}}]},"13":{"loc":{"start":{"line":299,"column":29},"end":{"line":299,"column":90}},"type":"cond-expr","locations":[{"start":{"line":299,"column":47},"end":{"line":299,"column":86}},{"start":{"line":299,"column":89},"end":{"line":299,"column":90}}]},"14":{"loc":{"start":{"line":325,"column":6},"end":{"line":327,"column":7}},"type":"if","locations":[{"start":{"line":325,"column":6},"end":{"line":327,"column":7}}]},"15":{"loc":{"start":{"line":329,"column":6},"end":{"line":331,"column":7}},"type":"if","locations":[{"start":{"line":329,"column":6},"end":{"line":331,"column":7}}]},"16":{"loc":{"start":{"line":333,"column":6},"end":{"line":335,"column":7}},"type":"if","locations":[{"start":{"line":333,"column":6},"end":{"line":335,"column":7}}]},"17":{"loc":{"start":{"line":338,"column":4},"end":{"line":340,"column":5}},"type":"if","locations":[{"start":{"line":338,"column":4},"end":{"line":340,"column":5}}]}},"s":{"0":9,"1":9,"2":1,"3":1,"4":1,"5":2,"6":1,"7":1,"8":1,"9":1,"10":1,"11":10,"12":10,"13":5,"14":5,"15":0,"16":10,"17":2,"18":2,"19":0,"20":2,"21":4,"22":4,"23":4,"24":8,"25":4,"26":0,"27":0,"28":0,"29":0,"30":0,"31":0,"32":0,"33":0,"34":0,"35":0,"36":0,"37":0,"38":0,"39":0,"40":0,"41":0,"42":0,"43":0,"44":0,"45":0,"46":0,"47":0,"48":0,"49":0,"50":0,"51":0,"52":0,"53":0,"54":0,"55":0,"56":0,"57":0,"58":0,"59":0,"60":0,"61":0,"62":0,"63":0,"64":3,"65":1},"f":{"0":9,"1":1,"2":2,"3":1,"4":10,"5":2,"6":4,"7":8,"8":0,"9":0,"10":0,"11":0,"12":0,"13":0,"14":0,"15":0,"16":3},"b":{"0":[1],"1":[5],"2":[0],"3":[0],"4":[2,0],"5":[0],"6":[0],"7":[0,0],"8":[0],"9":[0],"10":[0],"11":[0],"12":[0,0],"13":[0,0],"14":[0],"15":[0],"16":[0],"17":[0]}}
,"/Users/ande/Desktop/Rivic - V1.1/RivicQ/src/interceptor/runtime.ts": {"path":"/Users/ande/Desktop/Rivic - V1.1/RivicQ/src/interceptor/runtime.ts","statementMap":{"0":{"start":{"line":17,"column":10},"end":{"line":17,"column":44}},"1":{"start":{"line":18,"column":10},"end":{"line":18,"column":45}},"2":{"start":{"line":19,"column":10},"end":{"line":23,"column":4}},"3":{"start":{"line":26,"column":4},"end":{"line":26,"column":57}},"4":{"start":{"line":30,"column":4},"end":{"line":30,"column":25}},"5":{"start":{"line":31,"column":4},"end":{"line":35,"column":7}},"6":{"start":{"line":47,"column":4},"end":{"line":47,"column":38}},"7":{"start":{"line":49,"column":4},"end":{"line":52,"column":5}},"8":{"start":{"line":51,"column":6},"end":{"line":51,"column":41}},"9":{"start":{"line":54,"column":30},"end":{"line":54,"column":62}},"10":{"start":{"line":55,"column":39},"end":{"line":61,"column":6}},"11":{"start":{"line":64,"column":19},"end":{"line":64,"column":76}},"12":{"start":{"line":66,"column":4},"end":{"line":66,"column":36}},"13":{"start":{"line":68,"column":4},"end":{"line":73,"column":5}},"14":{"start":{"line":69,"column":6},"end":{"line":69,"column":37}},"15":{"start":{"line":70,"column":6},"end":{"line":70,"column":69}},"16":{"start":{"line":72,"column":6},"end":{"line":72,"column":38}},"17":{"start":{"line":75,"column":4},"end":{"line":75,"column":52}},"18":{"start":{"line":79,"column":4},"end":{"line":79,"column":39}},"19":{"start":{"line":79,"column":22},"end":{"line":79,"column":39}},"20":{"start":{"line":82,"column":4},"end":{"line":84,"column":5}},"21":{"start":{"line":83,"column":6},"end":{"line":83,"column":48}},"22":{"start":{"line":86,"column":4},"end":{"line":88,"column":5}},"23":{"start":{"line":87,"column":6},"end":{"line":87,"column":48}},"24":{"start":{"line":90,"column":4},"end":{"line":92,"column":5}},"25":{"start":{"line":91,"column":6},"end":{"line":91,"column":60}},"26":{"start":{"line":95,"column":4},"end":{"line":97,"column":5}},"27":{"start":{"line":96,"column":6},"end":{"line":96,"column":46}},"28":{"start":{"line":99,"column":4},"end":{"line":101,"column":5}},"29":{"start":{"line":100,"column":6},"end":{"line":100,"column":46}},"30":{"start":{"line":103,"column":4},"end":{"line":105,"column":5}},"31":{"start":{"line":104,"column":6},"end":{"line":104,"column":59}},"32":{"start":{"line":108,"column":4},"end":{"line":108,"column":21}},"33":{"start":{"line":112,"column":17},"end":{"line":112,"column":43}},"34":{"start":{"line":114,"column":4},"end":{"line":114,"column":51}},"35":{"start":{"line":114,"column":34},"end":{"line":114,"column":51}},"36":{"start":{"line":115,"column":4},"end":{"line":115,"column":51}},"37":{"start":{"line":115,"column":34},"end":{"line":115,"column":51}},"38":{"start":{"line":116,"column":4},"end":{"line":116,"column":45}},"39":{"start":{"line":116,"column":31},"end":{"line":116,"column":45}},"40":{"start":{"line":117,"column":4},"end":{"line":117,"column":49}},"41":{"start":{"line":117,"column":33},"end":{"line":117,"column":49}},"42":{"start":{"line":118,"column":4},"end":{"line":118,"column":74}},"43":{"start":{"line":118,"column":53},"end":{"line":118,"column":74}},"44":{"start":{"line":120,"column":4},"end":{"line":120,"column":21}},"45":{"start":{"line":126,"column":4},"end":{"line":128,"column":5}},"46":{"start":{"line":127,"column":6},"end":{"line":127,"column":58}},"47":{"start":{"line":130,"column":4},"end":{"line":132,"column":5}},"48":{"start":{"line":131,"column":6},"end":{"line":131,"column":62}},"49":{"start":{"line":134,"column":4},"end":{"line":137,"column":5}},"50":{"start":{"line":136,"column":6},"end":{"line":136,"column":59}},"51":{"start":{"line":140,"column":4},"end":{"line":140,"column":16}},"52":{"start":{"line":144,"column":4},"end":{"line":144,"column":59}},"53":{"start":{"line":152,"column":19},"end":{"line":152,"column":61}},"54":{"start":{"line":153,"column":4},"end":{"line":153,"column":41}},"55":{"start":{"line":157,"column":4},"end":{"line":157,"column":56}},"56":{"start":{"line":165,"column":19},"end":{"line":165,"column":65}},"57":{"start":{"line":166,"column":4},"end":{"line":166,"column":41}},"58":{"start":{"line":170,"column":28},"end":{"line":170,"column":48}},"59":{"start":{"line":171,"column":4},"end":{"line":171,"column":72}},"60":{"start":{"line":174,"column":21},"end":{"line":174,"column":63}},"61":{"start":{"line":175,"column":19},"end":{"line":175,"column":62}},"62":{"start":{"line":177,"column":4},"end":{"line":177,"column":45}},"63":{"start":{"line":181,"column":4},"end":{"line":185,"column":6}},"64":{"start":{"line":189,"column":4},"end":{"line":189,"column":58}},"65":{"start":{"line":189,"column":47},"end":{"line":189,"column":58}},"66":{"start":{"line":191,"column":4},"end":{"line":193,"column":6}},"67":{"start":{"line":197,"column":31},"end":{"line":197,"column":48}},"68":{"start":{"line":199,"column":4},"end":{"line":202,"column":7}},"69":{"start":{"line":200,"column":6},"end":{"line":200,"column":51}},"70":{"start":{"line":201,"column":6},"end":{"line":201,"column":51}},"71":{"start":{"line":204,"column":4},"end":{"line":228,"column":6}},"72":{"start":{"line":216,"column":67},"end":{"line":227,"column":8}},"73":{"start":{"line":232,"column":21},"end":{"line":232,"column":44}},"74":{"start":{"line":234,"column":4},"end":{"line":239,"column":41}},"75":{"start":{"line":246,"column":4},"end":{"line":246,"column":61}},"76":{"start":{"line":254,"column":78},"end":{"line":254,"column":80}},"77":{"start":{"line":257,"column":24},"end":{"line":258,"column":null}},"78":{"start":{"line":258,"column":6},"end":{"line":258,"column":47}},"79":{"start":{"line":261,"column":4},"end":{"line":266,"column":5}},"80":{"start":{"line":262,"column":6},"end":{"line":265,"column":9}},"81":{"start":{"line":269,"column":22},"end":{"line":269,"column":54}},"82":{"start":{"line":270,"column":4},"end":{"line":275,"column":5}},"83":{"start":{"line":271,"column":6},"end":{"line":274,"column":9}},"84":{"start":{"line":277,"column":4},"end":{"line":282,"column":5}},"85":{"start":{"line":278,"column":6},"end":{"line":281,"column":9}},"86":{"start":{"line":284,"column":4},"end":{"line":284,"column":18}},"87":{"start":{"line":16,"column":0},"end":{"line":16,"column":13}}},"fnMap":{"0":{"name":"(anonymous_0)","decl":{"start":{"line":25,"column":2},"end":{"line":25,"column":null}},"loc":{"start":{"line":25,"column":2},"end":{"line":27,"column":3}}},"1":{"name":"(anonymous_1)","decl":{"start":{"line":29,"column":2},"end":{"line":29,"column":14}},"loc":{"start":{"line":29,"column":34},"end":{"line":36,"column":3}}},"2":{"name":"(anonymous_2)","decl":{"start":{"line":42,"column":2},"end":{"line":42,"column":21}},"loc":{"start":{"line":45,"column":16},"end":{"line":76,"column":3}}},"3":{"name":"(anonymous_3)","decl":{"start":{"line":78,"column":10},"end":{"line":78,"column":26}},"loc":{"start":{"line":78,"column":44},"end":{"line":109,"column":3}}},"4":{"name":"(anonymous_4)","decl":{"start":{"line":111,"column":10},"end":{"line":111,"column":32}},"loc":{"start":{"line":111,"column":53},"end":{"line":121,"column":3}}},"5":{"name":"(anonymous_5)","decl":{"start":{"line":123,"column":10},"end":{"line":123,"column":37}},"loc":{"start":{"line":123,"column":69},"end":{"line":141,"column":3}}},"6":{"name":"(anonymous_6)","decl":{"start":{"line":143,"column":10},"end":{"line":143,"column":32}},"loc":{"start":{"line":143,"column":64},"end":{"line":154,"column":3}}},"7":{"name":"(anonymous_7)","decl":{"start":{"line":156,"column":10},"end":{"line":156,"column":36}},"loc":{"start":{"line":156,"column":68},"end":{"line":167,"column":3}}},"8":{"name":"(anonymous_8)","decl":{"start":{"line":169,"column":10},"end":{"line":169,"column":33}},"loc":{"start":{"line":169,"column":65},"end":{"line":178,"column":3}}},"9":{"name":"(anonymous_9)","decl":{"start":{"line":180,"column":2},"end":{"line":180,"column":12}},"loc":{"start":{"line":180,"column":12},"end":{"line":186,"column":3}}},"10":{"name":"(anonymous_10)","decl":{"start":{"line":188,"column":10},"end":{"line":188,"column":35}},"loc":{"start":{"line":188,"column":35},"end":{"line":194,"column":3}}},"11":{"name":"(anonymous_11)","decl":{"start":{"line":196,"column":2},"end":{"line":196,"column":21}},"loc":{"start":{"line":196,"column":21},"end":{"line":229,"column":3}}},"12":{"name":"(anonymous_12)","decl":{"start":{"line":199,"column":28},"end":{"line":199,"column":30}},"loc":{"start":{"line":199,"column":33},"end":{"line":202,"column":5}}},"13":{"name":"(anonymous_13)","decl":{"start":{"line":216,"column":53},"end":{"line":216,"column":62}},"loc":{"start":{"line":216,"column":67},"end":{"line":227,"column":8}}},"14":{"name":"(anonymous_14)","decl":{"start":{"line":231,"column":10},"end":{"line":231,"column":23}},"loc":{"start":{"line":231,"column":41},"end":{"line":240,"column":3}}},"15":{"name":"(anonymous_15)","decl":{"start":{"line":245,"column":2},"end":{"line":245,"column":18}},"loc":{"start":{"line":245,"column":18},"end":{"line":248,"column":3}}},"16":{"name":"(anonymous_16)","decl":{"start":{"line":253,"column":2},"end":{"line":253,"column":17}},"loc":{"start":{"line":253,"column":17},"end":{"line":285,"column":3}}},"17":{"name":"(anonymous_17)","decl":{"start":{"line":257,"column":47},"end":{"line":257,"column":49}},"loc":{"start":{"line":258,"column":6},"end":{"line":258,"column":47}}}},"branchMap":{"0":{"loc":{"start":{"line":49,"column":4},"end":{"line":52,"column":5}},"type":"if","locations":[{"start":{"line":49,"column":4},"end":{"line":52,"column":5}}]},"1":{"loc":{"start":{"line":68,"column":4},"end":{"line":73,"column":5}},"type":"if","locations":[{"start":{"line":68,"column":4},"end":{"line":73,"column":5}},{"start":{"line":71,"column":11},"end":{"line":73,"column":5}}]},"2":{"loc":{"start":{"line":79,"column":4},"end":{"line":79,"column":39}},"type":"if","locations":[{"start":{"line":79,"column":4},"end":{"line":79,"column":39}}]},"3":{"loc":{"start":{"line":82,"column":4},"end":{"line":84,"column":5}},"type":"if","locations":[{"start":{"line":82,"column":4},"end":{"line":84,"column":5}}]},"4":{"loc":{"start":{"line":82,"column":8},"end":{"line":82,"column":80}},"type":"binary-expr","locations":[{"start":{"line":82,"column":8},"end":{"line":82,"column":47}},{"start":{"line":82,"column":51},"end":{"line":82,"column":80}}]},"5":{"loc":{"start":{"line":86,"column":4},"end":{"line":88,"column":5}},"type":"if","locations":[{"start":{"line":86,"column":4},"end":{"line":88,"column":5}}]},"6":{"loc":{"start":{"line":90,"column":4},"end":{"line":92,"column":5}},"type":"if","locations":[{"start":{"line":90,"column":4},"end":{"line":92,"column":5}}]},"7":{"loc":{"start":{"line":95,"column":4},"end":{"line":97,"column":5}},"type":"if","locations":[{"start":{"line":95,"column":4},"end":{"line":97,"column":5}}]},"8":{"loc":{"start":{"line":95,"column":8},"end":{"line":95,"column":77}},"type":"binary-expr","locations":[{"start":{"line":95,"column":8},"end":{"line":95,"column":47}},{"start":{"line":95,"column":51},"end":{"line":95,"column":77}}]},"9":{"loc":{"start":{"line":99,"column":4},"end":{"line":101,"column":5}},"type":"if","locations":[{"start":{"line":99,"column":4},"end":{"line":101,"column":5}}]},"10":{"loc":{"start":{"line":103,"column":4},"end":{"line":105,"column":5}},"type":"if","locations":[{"start":{"line":103,"column":4},"end":{"line":105,"column":5}}]},"11":{"loc":{"start":{"line":114,"column":4},"end":{"line":114,"column":51}},"type":"if","locations":[{"start":{"line":114,"column":4},"end":{"line":114,"column":51}}]},"12":{"loc":{"start":{"line":115,"column":4},"end":{"line":115,"column":51}},"type":"if","locations":[{"start":{"line":115,"column":4},"end":{"line":115,"column":51}}]},"13":{"loc":{"start":{"line":116,"column":4},"end":{"line":116,"column":45}},"type":"if","locations":[{"start":{"line":116,"column":4},"end":{"line":116,"column":45}}]},"14":{"loc":{"start":{"line":117,"column":4},"end":{"line":117,"column":49}},"type":"if","locations":[{"start":{"line":117,"column":4},"end":{"line":117,"column":49}}]},"15":{"loc":{"start":{"line":118,"column":4},"end":{"line":118,"column":74}},"type":"if","locations":[{"start":{"line":118,"column":4},"end":{"line":118,"column":74}}]},"16":{"loc":{"start":{"line":118,"column":8},"end":{"line":118,"column":51}},"type":"binary-expr","locations":[{"start":{"line":118,"column":8},"end":{"line":118,"column":28}},{"start":{"line":118,"column":32},"end":{"line":118,"column":51}}]},"17":{"loc":{"start":{"line":126,"column":4},"end":{"line":128,"column":5}},"type":"if","locations":[{"start":{"line":126,"column":4},"end":{"line":128,"column":5}}]},"18":{"loc":{"start":{"line":130,"column":4},"end":{"line":132,"column":5}},"type":"if","locations":[{"start":{"line":130,"column":4},"end":{"line":132,"column":5}}]},"19":{"loc":{"start":{"line":134,"column":4},"end":{"line":137,"column":5}},"type":"if","locations":[{"start":{"line":134,"column":4},"end":{"line":137,"column":5}}]},"20":{"loc":{"start":{"line":189,"column":4},"end":{"line":189,"column":58}},"type":"if","locations":[{"start":{"line":189,"column":4},"end":{"line":189,"column":58}}]},"21":{"loc":{"start":{"line":234,"column":11},"end":{"line":239,"column":40}},"type":"binary-expr","locations":[{"start":{"line":234,"column":11},"end":{"line":234,"column":37}},{"start":{"line":235,"column":11},"end":{"line":235,"column":41}},{"start":{"line":236,"column":11},"end":{"line":236,"column":38}},{"start":{"line":237,"column":11},"end":{"line":237,"column":38}},{"start":{"line":238,"column":11},"end":{"line":238,"column":39}},{"start":{"line":239,"column":11},"end":{"line":239,"column":40}}]},"22":{"loc":{"start":{"line":261,"column":4},"end":{"line":266,"column":5}},"type":"if","locations":[{"start":{"line":261,"column":4},"end":{"line":266,"column":5}}]},"23":{"loc":{"start":{"line":270,"column":4},"end":{"line":275,"column":5}},"type":"if","locations":[{"start":{"line":270,"column":4},"end":{"line":275,"column":5}}]},"24":{"loc":{"start":{"line":277,"column":4},"end":{"line":282,"column":5}},"type":"if","locations":[{"start":{"line":277,"column":4},"end":{"line":282,"column":5}}]}},"s":{"0":6,"1":6,"2":6,"3":6,"4":5,"5":5,"6":3,"7":3,"8":1,"9":2,"10":2,"11":2,"12":2,"13":2,"14":1,"15":1,"16":1,"17":2,"18":2,"19":0,"20":2,"21":0,"22":2,"23":0,"24":2,"25":0,"26":2,"27":0,"28":2,"29":1,"30":1,"31":0,"32":1,"33":2,"34":2,"35":0,"36":2,"37":0,"38":2,"39":1,"40":1,"41":0,"42":1,"43":1,"44":0,"45":2,"46":0,"47":2,"48":1,"49":1,"50":0,"51":1,"52":0,"53":0,"54":0,"55":1,"56":1,"57":1,"58":0,"59":0,"60":0,"61":0,"62":0,"63":1,"64":1,"65":1,"66":0,"67":0,"68":0,"69":0,"70":0,"71":0,"72":0,"73":0,"74":0,"75":0,"76":0,"77":0,"78":0,"79":0,"80":0,"81":0,"82":0,"83":0,"84":0,"85":0,"86":0,"87":1},"f":{"0":6,"1":5,"2":3,"3":2,"4":2,"5":2,"6":0,"7":1,"8":0,"9":1,"10":1,"11":0,"12":0,"13":0,"14":0,"15":0,"16":0,"17":0},"b":{"0":[1],"1":[1,1],"2":[0],"3":[0],"4":[2,1],"5":[0],"6":[0],"7":[0],"8":[2,1],"9":[1],"10":[0],"11":[0],"12":[0],"13":[1],"14":[0],"15":[1],"16":[1,0],"17":[0],"18":[1],"19":[0],"20":[1],"21":[0,0,0,0,0,0],"22":[0],"23":[0],"24":[0]}}
,"/Users/ande/Desktop/Rivic - V1.1/RivicQ/src/operator/rivic-operator.ts": {"path":"/Users/ande/Desktop/Rivic - V1.1/RivicQ/src/operator/rivic-operator.ts","statementMap":{"0":{"start":{"line":1,"column":0},"end":{"line":1,"column":47}},"1":{"start":{"line":2,"column":0},"end":{"line":2,"column":30}},"2":{"start":{"line":3,"column":0},"end":{"line":3,"column":50}},"3":{"start":{"line":4,"column":0},"end":{"line":4,"column":59}},"4":{"start":{"line":27,"column":10},"end":{"line":27,"column":80}},"5":{"start":{"line":28,"column":10},"end":{"line":28,"column":62}},"6":{"start":{"line":31,"column":4},"end":{"line":31,"column":35}},"7":{"start":{"line":32,"column":4},"end":{"line":32,"column":30}},"8":{"start":{"line":35,"column":4},"end":{"line":35,"column":71}},"9":{"start":{"line":36,"column":4},"end":{"line":36,"column":70}},"10":{"start":{"line":38,"column":4},"end":{"line":38,"column":55}},"11":{"start":{"line":39,"column":4},"end":{"line":39,"column":65}},"12":{"start":{"line":40,"column":4},"end":{"line":40,"column":78}},"13":{"start":{"line":42,"column":4},"end":{"line":42,"column":45}},"14":{"start":{"line":43,"column":4},"end":{"line":43,"column":47}},"15":{"start":{"line":47,"column":20},"end":{"line":47,"column":47}},"16":{"start":{"line":48,"column":22},"end":{"line":48,"column":24}},"17":{"start":{"line":50,"column":4},"end":{"line":54,"column":5}},"18":{"start":{"line":51,"column":6},"end":{"line":51,"column":28}},"19":{"start":{"line":52,"column":11},"end":{"line":54,"column":5}},"20":{"start":{"line":53,"column":6},"end":{"line":53,"column":51}},"21":{"start":{"line":56,"column":20},"end":{"line":56,"column":51}},"22":{"start":{"line":58,"column":4},"end":{"line":61,"column":5}},"23":{"start":{"line":59,"column":6},"end":{"line":59,"column":63}},"24":{"start":{"line":60,"column":6},"end":{"line":60,"column":22}},"25":{"start":{"line":63,"column":23},"end":{"line":63,"column":59}},"26":{"start":{"line":64,"column":25},"end":{"line":64,"column":58}},"27":{"start":{"line":65,"column":26},"end":{"line":65,"column":73}},"28":{"start":{"line":67,"column":4},"end":{"line":76,"column":5}},"29":{"start":{"line":68,"column":6},"end":{"line":68,"column":100}},"30":{"start":{"line":69,"column":6},"end":{"line":69,"column":53}},"31":{"start":{"line":70,"column":6},"end":{"line":70,"column":59}},"32":{"start":{"line":71,"column":6},"end":{"line":71,"column":39}},"33":{"start":{"line":72,"column":6},"end":{"line":72,"column":111}},"34":{"start":{"line":73,"column":6},"end":{"line":73,"column":83}},"35":{"start":{"line":74,"column":6},"end":{"line":74,"column":88}},"36":{"start":{"line":75,"column":6},"end":{"line":75,"column":22}},"37":{"start":{"line":78,"column":4},"end":{"line":81,"column":5}},"38":{"start":{"line":79,"column":6},"end":{"line":79,"column":99}},"39":{"start":{"line":80,"column":6},"end":{"line":80,"column":84}},"40":{"start":{"line":85,"column":4},"end":{"line":85,"column":61}},"41":{"start":{"line":86,"column":4},"end":{"line":86,"column":55}},"42":{"start":{"line":87,"column":4},"end":{"line":87,"column":49}},"43":{"start":{"line":90,"column":4},"end":{"line":90,"column":31}},"44":{"start":{"line":93,"column":4},"end":{"line":93,"column":29}},"45":{"start":{"line":96,"column":4},"end":{"line":98,"column":5}},"46":{"start":{"line":97,"column":6},"end":{"line":97,"column":41}},"47":{"start":{"line":101,"column":4},"end":{"line":101,"column":29}},"48":{"start":{"line":104,"column":4},"end":{"line":106,"column":5}},"49":{"start":{"line":105,"column":6},"end":{"line":105,"column":32}},"50":{"start":{"line":108,"column":4},"end":{"line":108,"column":47}},"51":{"start":{"line":112,"column":4},"end":{"line":112,"column":47}},"52":{"start":{"line":114,"column":16},"end":{"line":155,"column":6}},"53":{"start":{"line":157,"column":4},"end":{"line":166,"column":5}},"54":{"start":{"line":158,"column":28},"end":{"line":158,"column":73}},"55":{"start":{"line":159,"column":6},"end":{"line":159,"column":72}},"56":{"start":{"line":160,"column":6},"end":{"line":160,"column":49}},"57":{"start":{"line":162,"column":6},"end":{"line":164,"column":7}},"58":{"start":{"line":163,"column":8},"end":{"line":163,"column":20}},"59":{"start":{"line":165,"column":6},"end":{"line":165,"column":55}},"60":{"start":{"line":170,"column":4},"end":{"line":170,"column":54}},"61":{"start":{"line":174,"column":4},"end":{"line":174,"column":62}},"62":{"start":{"line":178,"column":4},"end":{"line":178,"column":58}},"63":{"start":{"line":180,"column":18},"end":{"line":180,"column":40}},"64":{"start":{"line":182,"column":4},"end":{"line":193,"column":6}},"65":{"start":{"line":185,"column":8},"end":{"line":185,"column":70}},"66":{"start":{"line":186,"column":8},"end":{"line":186,"column":50}},"67":{"start":{"line":189,"column":8},"end":{"line":189,"column":45}},"68":{"start":{"line":191,"column":8},"end":{"line":191,"column":57}},"69":{"start":{"line":191,"column":25},"end":{"line":191,"column":49}},"70":{"start":{"line":197,"column":17},"end":{"line":197,"column":38}},"71":{"start":{"line":198,"column":22},"end":{"line":198,"column":48}},"72":{"start":{"line":200,"column":4},"end":{"line":210,"column":5}},"73":{"start":{"line":203,"column":8},"end":{"line":203,"column":79}},"74":{"start":{"line":204,"column":8},"end":{"line":204,"column":40}},"75":{"start":{"line":205,"column":8},"end":{"line":205,"column":14}},"76":{"start":{"line":207,"column":8},"end":{"line":207,"column":82}},"77":{"start":{"line":208,"column":8},"end":{"line":208,"column":41}},"78":{"start":{"line":209,"column":8},"end":{"line":209,"column":14}},"79":{"start":{"line":214,"column":17},"end":{"line":214,"column":43}},"80":{"start":{"line":217,"column":4},"end":{"line":225,"column":5}},"81":{"start":{"line":218,"column":19},"end":{"line":220,"column":null}},"82":{"start":{"line":224,"column":6},"end":{"line":224,"column":60}},"83":{"start":{"line":228,"column":4},"end":{"line":228,"column":40}},"84":{"start":{"line":233,"column":4},"end":{"line":233,"column":59}},"85":{"start":{"line":237,"column":22},"end":{"line":251,"column":6}},"86":{"start":{"line":253,"column":4},"end":{"line":261,"column":5}},"87":{"start":{"line":254,"column":6},"end":{"line":254,"column":82}},"88":{"start":{"line":256,"column":6},"end":{"line":260,"column":7}},"89":{"start":{"line":257,"column":8},"end":{"line":257,"column":105}},"90":{"start":{"line":259,"column":8},"end":{"line":259,"column":20}},"91":{"start":{"line":265,"column":16},"end":{"line":265,"column":25}},"92":{"start":{"line":266,"column":4},"end":{"line":266,"column":28}},"93":{"start":{"line":268,"column":4},"end":{"line":301,"column":7}},"94":{"start":{"line":269,"column":24},"end":{"line":269,"column":32}},"95":{"start":{"line":270,"column":18},"end":{"line":270,"column":42}},"96":{"start":{"line":273,"column":27},"end":{"line":274,"column":69}},"97":{"start":{"line":276,"column":6},"end":{"line":300,"column":7}},"98":{"start":{"line":277,"column":27},"end":{"line":277,"column":53}},"99":{"start":{"line":279,"column":22},"end":{"line":279,"column":55}},"100":{"start":{"line":281,"column":8},"end":{"line":290,"column":11}},"101":{"start":{"line":292,"column":8},"end":{"line":299,"column":11}},"102":{"start":{"line":303,"column":4},"end":{"line":305,"column":7}},"103":{"start":{"line":304,"column":6},"end":{"line":304,"column":62}},"104":{"start":{"line":309,"column":23},"end":{"line":309,"column":54}},"105":{"start":{"line":312,"column":4},"end":{"line":314,"column":5}},"106":{"start":{"line":313,"column":6},"end":{"line":313,"column":42}},"107":{"start":{"line":316,"column":4},"end":{"line":324,"column":7}},"108":{"start":{"line":327,"column":4},"end":{"line":329,"column":5}},"109":{"start":{"line":328,"column":6},"end":{"line":328,"column":35}},"110":{"start":{"line":331,"column":4},"end":{"line":334,"column":7}},"111":{"start":{"line":337,"column":4},"end":{"line":365,"column":5}},"112":{"start":{"line":338,"column":28},"end":{"line":338,"column":57}},"113":{"start":{"line":341,"column":6},"end":{"line":343,"column":7}},"114":{"start":{"line":342,"column":8},"end":{"line":342,"column":31}},"115":{"start":{"line":345,"column":6},"end":{"line":348,"column":9}},"116":{"start":{"line":350,"column":6},"end":{"line":353,"column":9}},"117":{"start":{"line":356,"column":6},"end":{"line":358,"column":7}},"118":{"start":{"line":357,"column":8},"end":{"line":357,"column":40}},"119":{"start":{"line":360,"column":6},"end":{"line":364,"column":9}},"120":{"start":{"line":367,"column":4},"end":{"line":367,"column":22}},"121":{"start":{"line":372,"column":20},"end":{"line":372,"column":22}},"122":{"start":{"line":374,"column":4},"end":{"line":380,"column":5}},"123":{"start":{"line":375,"column":6},"end":{"line":379,"column":9}},"124":{"start":{"line":382,"column":4},"end":{"line":388,"column":5}},"125":{"start":{"line":383,"column":6},"end":{"line":387,"column":9}},"126":{"start":{"line":390,"column":4},"end":{"line":390,"column":19}},"127":{"start":{"line":20,"column":0},"end":{"line":20,"column":13}},"128":{"start":{"line":395,"column":0},"end":{"line":398,"column":1}},"129":{"start":{"line":396,"column":19},"end":{"line":396,"column":38}},"130":{"start":{"line":397,"column":2},"end":{"line":397,"column":40}}},"fnMap":{"0":{"name":"(anonymous_10)","decl":{"start":{"line":30,"column":2},"end":{"line":30,"column":null}},"loc":{"start":{"line":30,"column":2},"end":{"line":44,"column":3}}},"1":{"name":"(anonymous_11)","decl":{"start":{"line":46,"column":10},"end":{"line":46,"column":29}},"loc":{"start":{"line":46,"column":29},"end":{"line":82,"column":3}}},"2":{"name":"(anonymous_12)","decl":{"start":{"line":84,"column":2},"end":{"line":84,"column":7}},"loc":{"start":{"line":84,"column":13},"end":{"line":109,"column":3}}},"3":{"name":"(anonymous_13)","decl":{"start":{"line":111,"column":10},"end":{"line":111,"column":15}},"loc":{"start":{"line":111,"column":27},"end":{"line":167,"column":3}}},"4":{"name":"(anonymous_14)","decl":{"start":{"line":169,"column":10},"end":{"line":169,"column":15}},"loc":{"start":{"line":169,"column":37},"end":{"line":175,"column":3}}},"5":{"name":"(anonymous_15)","decl":{"start":{"line":177,"column":10},"end":{"line":177,"column":27}},"loc":{"start":{"line":177,"column":27},"end":{"line":194,"column":3}}},"6":{"name":"(anonymous_16)","decl":{"start":{"line":184,"column":6},"end":{"line":184,"column":7}},"loc":{"start":{"line":184,"column":23},"end":{"line":187,"column":7}}},"7":{"name":"(anonymous_17)","decl":{"start":{"line":188,"column":6},"end":{"line":188,"column":7}},"loc":{"start":{"line":188,"column":14},"end":{"line":192,"column":7}}},"8":{"name":"(anonymous_18)","decl":{"start":{"line":191,"column":19},"end":{"line":191,"column":22}},"loc":{"start":{"line":191,"column":25},"end":{"line":191,"column":49}}},"9":{"name":"(anonymous_19)","decl":{"start":{"line":196,"column":10},"end":{"line":196,"column":32}},"loc":{"start":{"line":196,"column":58},"end":{"line":211,"column":3}}},"10":{"name":"(anonymous_20)","decl":{"start":{"line":213,"column":10},"end":{"line":213,"column":15}},"loc":{"start":{"line":213,"column":46},"end":{"line":229,"column":3}}},"11":{"name":"(anonymous_21)","decl":{"start":{"line":231,"column":10},"end":{"line":231,"column":15}},"loc":{"start":{"line":231,"column":47},"end":{"line":234,"column":3}}},"12":{"name":"(anonymous_22)","decl":{"start":{"line":236,"column":10},"end":{"line":236,"column":15}},"loc":{"start":{"line":236,"column":54},"end":{"line":262,"column":3}}},"13":{"name":"(anonymous_23)","decl":{"start":{"line":264,"column":10},"end":{"line":264,"column":28}},"loc":{"start":{"line":264,"column":28},"end":{"line":306,"column":3}}},"14":{"name":"(anonymous_24)","decl":{"start":{"line":268,"column":24},"end":{"line":268,"column":25}},"loc":{"start":{"line":268,"column":47},"end":{"line":301,"column":5}}},"15":{"name":"(anonymous_25)","decl":{"start":{"line":303,"column":21},"end":{"line":303,"column":24}},"loc":{"start":{"line":303,"column":26},"end":{"line":305,"column":5}}},"16":{"name":"(anonymous_26)","decl":{"start":{"line":308,"column":10},"end":{"line":308,"column":26}},"loc":{"start":{"line":308,"column":35},"end":{"line":368,"column":3}}},"17":{"name":"(anonymous_27)","decl":{"start":{"line":370,"column":10},"end":{"line":370,"column":21}},"loc":{"start":{"line":370,"column":49},"end":{"line":391,"column":3}}}},"branchMap":{"0":{"loc":{"start":{"line":35,"column":24},"end":{"line":35,"column":70}},"type":"binary-expr","locations":[{"start":{"line":35,"column":24},"end":{"line":35,"column":53}},{"start":{"line":35,"column":57},"end":{"line":35,"column":70}}]},"1":{"loc":{"start":{"line":36,"column":20},"end":{"line":36,"column":69}},"type":"binary-expr","locations":[{"start":{"line":36,"column":20},"end":{"line":36,"column":53}},{"start":{"line":36,"column":57},"end":{"line":36,"column":69}}]},"2":{"loc":{"start":{"line":50,"column":4},"end":{"line":54,"column":5}},"type":"if","locations":[{"start":{"line":50,"column":4},"end":{"line":54,"column":5}},{"start":{"line":52,"column":11},"end":{"line":54,"column":5}}]},"3":{"loc":{"start":{"line":52,"column":11},"end":{"line":54,"column":5}},"type":"if","locations":[{"start":{"line":52,"column":11},"end":{"line":54,"column":5}}]},"4":{"loc":{"start":{"line":52,"column":15},"end":{"line":52,"column":53}},"type":"binary-expr","locations":[{"start":{"line":52,"column":15},"end":{"line":52,"column":22}},{"start":{"line":52,"column":26},"end":{"line":52,"column":53}}]},"5":{"loc":{"start":{"line":53,"column":21},"end":{"line":53,"column":50}},"type":"binary-expr","locations":[{"start":{"line":53,"column":21},"end":{"line":53,"column":44}},{"start":{"line":53,"column":48},"end":{"line":53,"column":50}}]},"6":{"loc":{"start":{"line":58,"column":4},"end":{"line":61,"column":5}},"type":"if","locations":[{"start":{"line":58,"column":4},"end":{"line":61,"column":5}}]},"7":{"loc":{"start":{"line":67,"column":4},"end":{"line":76,"column":5}},"type":"if","locations":[{"start":{"line":67,"column":4},"end":{"line":76,"column":5}}]},"8":{"loc":{"start":{"line":67,"column":8},"end":{"line":67,"column":34}},"type":"binary-expr","locations":[{"start":{"line":67,"column":8},"end":{"line":67,"column":18}},{"start":{"line":67,"column":22},"end":{"line":67,"column":34}}]},"9":{"loc":{"start":{"line":78,"column":4},"end":{"line":81,"column":5}},"type":"if","locations":[{"start":{"line":78,"column":4},"end":{"line":81,"column":5}}]},"10":{"loc":{"start":{"line":78,"column":8},"end":{"line":78,"column":74}},"type":"binary-expr","locations":[{"start":{"line":78,"column":8},"end":{"line":78,"column":18}},{"start":{"line":78,"column":22},"end":{"line":78,"column":36}},{"start":{"line":78,"column":40},"end":{"line":78,"column":74}}]},"11":{"loc":{"start":{"line":96,"column":4},"end":{"line":98,"column":5}},"type":"if","locations":[{"start":{"line":96,"column":4},"end":{"line":98,"column":5}}]},"12":{"loc":{"start":{"line":104,"column":4},"end":{"line":106,"column":5}},"type":"if","locations":[{"start":{"line":104,"column":4},"end":{"line":106,"column":5}}]},"13":{"loc":{"start":{"line":162,"column":6},"end":{"line":164,"column":7}},"type":"if","locations":[{"start":{"line":162,"column":6},"end":{"line":164,"column":7}}]},"14":{"loc":{"start":{"line":200,"column":4},"end":{"line":210,"column":5}},"type":"switch","locations":[{"start":{"line":201,"column":6},"end":{"line":201,"column":19}},{"start":{"line":202,"column":6},"end":{"line":205,"column":14}},{"start":{"line":206,"column":6},"end":{"line":209,"column":14}}]},"15":{"loc":{"start":{"line":217,"column":4},"end":{"line":225,"column":5}},"type":"if","locations":[{"start":{"line":217,"column":4},"end":{"line":225,"column":5}}]},"16":{"loc":{"start":{"line":256,"column":6},"end":{"line":260,"column":7}},"type":"if","locations":[{"start":{"line":256,"column":6},"end":{"line":260,"column":7}},{"start":{"line":258,"column":13},"end":{"line":260,"column":7}}]},"17":{"loc":{"start":{"line":273,"column":27},"end":{"line":274,"column":69}},"type":"binary-expr","locations":[{"start":{"line":273,"column":27},"end":{"line":273,"column":82}},{"start":{"line":274,"column":26},"end":{"line":274,"column":69}}]},"18":{"loc":{"start":{"line":276,"column":6},"end":{"line":300,"column":7}},"type":"if","locations":[{"start":{"line":276,"column":6},"end":{"line":300,"column":7}},{"start":{"line":291,"column":13},"end":{"line":300,"column":7}}]},"19":{"loc":{"start":{"line":312,"column":4},"end":{"line":314,"column":5}},"type":"if","locations":[{"start":{"line":312,"column":4},"end":{"line":314,"column":5}}]},"20":{"loc":{"start":{"line":327,"column":4},"end":{"line":329,"column":5}},"type":"if","locations":[{"start":{"line":327,"column":4},"end":{"line":329,"column":5}}]},"21":{"loc":{"start":{"line":337,"column":4},"end":{"line":365,"column":5}},"type":"if","locations":[{"start":{"line":337,"column":4},"end":{"line":365,"column":5}}]},"22":{"loc":{"start":{"line":337,"column":8},"end":{"line":337,"column":75}},"type":"binary-expr","locations":[{"start":{"line":337,"column":8},"end":{"line":337,"column":34}},{"start":{"line":337,"column":38},"end":{"line":337,"column":75}}]},"23":{"loc":{"start":{"line":341,"column":6},"end":{"line":343,"column":7}},"type":"if","locations":[{"start":{"line":341,"column":6},"end":{"line":343,"column":7}}]},"24":{"loc":{"start":{"line":356,"column":6},"end":{"line":358,"column":7}},"type":"if","locations":[{"start":{"line":356,"column":6},"end":{"line":358,"column":7}}]},"25":{"loc":{"start":{"line":374,"column":4},"end":{"line":380,"column":5}},"type":"if","locations":[{"start":{"line":374,"column":4},"end":{"line":380,"column":5}}]},"26":{"loc":{"start":{"line":374,"column":8},"end":{"line":374,"column":68}},"type":"binary-expr","locations":[{"start":{"line":374,"column":8},"end":{"line":374,"column":37}},{"start":{"line":374,"column":41},"end":{"line":374,"column":68}}]},"27":{"loc":{"start":{"line":382,"column":4},"end":{"line":388,"column":5}},"type":"if","locations":[{"start":{"line":382,"column":4},"end":{"line":388,"column":5}}]},"28":{"loc":{"start":{"line":382,"column":8},"end":{"line":382,"column":54}},"type":"binary-expr","locations":[{"start":{"line":382,"column":8},"end":{"line":382,"column":30}},{"start":{"line":382,"column":34},"end":{"line":382,"column":54}}]},"29":{"loc":{"start":{"line":395,"column":0},"end":{"line":398,"column":1}},"type":"if","locations":[{"start":{"line":395,"column":0},"end":{"line":398,"column":1}}]}},"s":{"0":0,"1":0,"2":0,"3":0,"4":0,"5":0,"6":0,"7":0,"8":0,"9":0,"10":0,"11":0,"12":0,"13":0,"14":0,"15":0,"16":0,"17":0,"18":0,"19":0,"20":0,"21":0,"22":0,"23":0,"24":0,"25":0,"26":0,"27":0,"28":0,"29":0,"30":0,"31":0,"32":0,"33":0,"34":0,"35":0,"36":0,"37":0,"38":0,"39":0,"40":0,"41":0,"42":0,"43":0,"44":0,"45":0,"46":0,"47":0,"48":0,"49":0,"50":0,"51":0,"52":0,"53":0,"54":0,"55":0,"56":0,"57":0,"58":0,"59":0,"60":0,"61":0,"62":0,"63":0,"64":0,"65":0,"66":0,"67":0,"68":0,"69":0,"70":0,"71":0,"72":0,"73":0,"74":0,"75":0,"76":0,"77":0,"78":0,"79":0,"80":0,"81":0,"82":0,"83":0,"84":0,"85":0,"86":0,"87":0,"88":0,"89":0,"90":0,"91":0,"92":0,"93":0,"94":0,"95":0,"96":0,"97":0,"98":0,"99":0,"100":0,"101":0,"102":0,"103":0,"104":0,"105":0,"106":0,"107":0,"108":0,"109":0,"110":0,"111":0,"112":0,"113":0,"114":0,"115":0,"116":0,"117":0,"118":0,"119":0,"120":0,"121":0,"122":0,"123":0,"124":0,"125":0,"126":0,"127":0,"128":0,"129":0,"130":0},"f":{"0":0,"1":0,"2":0,"3":0,"4":0,"5":0,"6":0,"7":0,"8":0,"9":0,"10":0,"11":0,"12":0,"13":0,"14":0,"15":0,"16":0,"17":0},"b":{"0":[0,0],"1":[0,0],"2":[0,0],"3":[0],"4":[0,0],"5":[0,0],"6":[0],"7":[0],"8":[0,0],"9":[0],"10":[0,0,0],"11":[0],"12":[0],"13":[0],"14":[0,0,0],"15":[0],"16":[0,0],"17":[0,0],"18":[0,0],"19":[0],"20":[0],"21":[0],"22":[0,0],"23":[0],"24":[0],"25":[0],"26":[0,0],"27":[0],"28":[0,0],"29":[0]}}
}
