TN:
SF:src/cbom/generator.ts
FN:54,(anonymous_0)
FN:80,(anonymous_1)
FN:84,(anonymous_2)
FN:110,(anonymous_3)
FN:148,(anonymous_4)
FN:173,(anonymous_5)
FN:195,(anonymous_6)
FN:225,(anonymous_7)
FN:243,(anonymous_8)
FN:256,(anonymous_9)
FN:262,(anonymous_10)
FN:271,(anonymous_11)
FN:292,(anonymous_12)
FN:294,(anonymous_13)
FN:319,(anonymous_14)
FN:322,(anonymous_15)
FN:345,(anonymous_16)
FNF:17
FNH:9
FNDA:9,(anonymous_0)
FNDA:1,(anonymous_1)
FNDA:2,(anonymous_2)
FNDA:1,(anonymous_3)
FNDA:10,(anonymous_4)
FNDA:2,(anonymous_5)
FNDA:4,(anonymous_6)
FNDA:8,(anonymous_7)
FNDA:0,(anonymous_8)
FNDA:0,(anonymous_9)
FNDA:0,(anonymous_10)
FNDA:0,(anonymous_11)
FNDA:0,(anonymous_12)
FNDA:0,(anonymous_13)
FNDA:0,(anonymous_14)
FNDA:0,(anonymous_15)
FNDA:3,(anonymous_16)
DA:54,1
DA:55,9
DA:62,9
DA:81,1
DA:83,1
DA:84,2
DA:87,1
DA:88,1
DA:94,1
DA:116,1
DA:145,1
DA:149,10
DA:157,10
DA:158,5
DA:164,5
DA:165,0
DA:170,10
DA:174,2
DA:176,2
DA:177,0
DA:180,2
DA:196,4
DA:203,4
DA:225,8
DA:227,4
DA:244,0
DA:247,0
DA:248,0
DA:251,0
DA:252,0
DA:256,0
DA:257,0
DA:258,0
DA:261,0
DA:262,0
DA:265,0
DA:272,0
DA:275,0
DA:276,0
DA:280,0
DA:281,0
DA:285,0
DA:286,0
DA:289,0
DA:293,0
DA:294,0
DA:295,0
DA:296,0
DA:299,0
DA:301,0
DA:320,0
DA:322,0
DA:323,0
DA:325,0
DA:326,0
DA:329,0
DA:330,0
DA:333,0
DA:334,0
DA:338,0
DA:339,0
DA:342,0
DA:346,3
LF:63
LH:24
BRDA:87,0,0,1
BRDA:157,1,0,5
BRDA:164,2,0,0
BRDA:176,3,0,0
BRDA:187,4,0,2
BRDA:187,4,1,0
BRDA:247,5,0,0
BRDA:251,6,0,0
BRDA:258,7,0,0
BRDA:258,7,1,0
BRDA:261,8,0,0
BRDA:275,9,0,0
BRDA:280,10,0,0
BRDA:285,11,0,0
BRDA:296,12,0,0
BRDA:296,12,1,0
BRDA:299,13,0,0
BRDA:299,13,1,0
BRDA:325,14,0,0
BRDA:329,15,0,0
BRDA:333,16,0,0
BRDA:338,17,0,0
BRF:22
BRH:3
end_of_record
TN:
SF:src/interceptor/runtime.ts
FN:25,(anonymous_0)
FN:29,(anonymous_1)
FN:42,(anonymous_2)
FN:78,(anonymous_3)
FN:111,(anonymous_4)
FN:123,(anonymous_5)
FN:143,(anonymous_6)
FN:156,(anonymous_7)
FN:169,(anonymous_8)
FN:180,(anonymous_9)
FN:188,(anonymous_10)
FN:196,(anonymous_11)
FN:199,(anonymous_12)
FN:216,(anonymous_13)
FN:231,(anonymous_14)
FN:245,(anonymous_15)
FN:253,(anonymous_16)
FN:257,(anonymous_17)
FNF:18
FNH:9
FNDA:6,(anonymous_0)
FNDA:5,(anonymous_1)
FNDA:3,(anonymous_2)
FNDA:2,(anonymous_3)
FNDA:2,(anonymous_4)
FNDA:2,(anonymous_5)
FNDA:0,(anonymous_6)
FNDA:1,(anonymous_7)
FNDA:0,(anonymous_8)
FNDA:1,(anonymous_9)
FNDA:1,(anonymous_10)
FNDA:0,(anonymous_11)
FNDA:0,(anonymous_12)
FNDA:0,(anonymous_13)
FNDA:0,(anonymous_14)
FNDA:0,(anonymous_15)
FNDA:0,(anonymous_16)
FNDA:0,(anonymous_17)
DA:16,1
DA:17,6
DA:18,6
DA:19,6
DA:26,6
DA:30,5
DA:31,5
DA:47,3
DA:49,3
DA:51,1
DA:54,2
DA:55,2
DA:64,2
DA:66,2
DA:68,2
DA:69,1
DA:70,1
DA:72,1
DA:75,2
DA:79,2
DA:82,2
DA:83,0
DA:86,2
DA:87,0
DA:90,2
DA:91,0
DA:95,2
DA:96,0
DA:99,2
DA:100,1
DA:103,1
DA:104,0
DA:108,1
DA:112,2
DA:114,2
DA:115,2
DA:116,2
DA:117,1
DA:118,1
DA:120,0
DA:126,2
DA:127,0
DA:130,2
DA:131,1
DA:134,1
DA:136,0
DA:140,1
DA:144,0
DA:152,0
DA:153,0
DA:157,1
DA:165,1
DA:166,1
DA:170,0
DA:171,0
DA:174,0
DA:175,0
DA:177,0
DA:181,1
DA:189,1
DA:191,0
DA:197,0
DA:199,0
DA:200,0
DA:201,0
DA:204,0
DA:216,0
DA:232,0
DA:234,0
DA:246,0
DA:254,0
DA:257,0
DA:258,0
DA:261,0
DA:262,0
DA:269,0
DA:270,0
DA:271,0
DA:277,0
DA:278,0
DA:284,0
LF:81
LH:44
BRDA:49,0,0,1
BRDA:68,1,0,1
BRDA:68,1,1,1
BRDA:79,2,0,0
BRDA:82,3,0,0
BRDA:82,4,0,2
BRDA:82,4,1,1
BRDA:86,5,0,0
BRDA:90,6,0,0
BRDA:95,7,0,0
BRDA:95,8,0,2
BRDA:95,8,1,1
BRDA:99,9,0,1
BRDA:103,10,0,0
BRDA:114,11,0,0
BRDA:115,12,0,0
BRDA:116,13,0,1
BRDA:117,14,0,0
BRDA:118,15,0,1
BRDA:118,16,0,1
BRDA:118,16,1,0
BRDA:126,17,0,0
BRDA:130,18,0,1
BRDA:134,19,0,0
BRDA:189,20,0,1
BRDA:234,21,0,0
BRDA:234,21,1,0
BRDA:234,21,2,0
BRDA:234,21,3,0
BRDA:234,21,4,0
BRDA:234,21,5,0
BRDA:261,22,0,0
BRDA:270,23,0,0
BRDA:277,24,0,0
BRF:34
BRH:13
end_of_record
TN:
SF:src/operator/rivic-operator.ts
FN:30,(anonymous_10)
FN:46,(anonymous_11)
FN:84,(anonymous_12)
FN:111,(anonymous_13)
FN:169,(anonymous_14)
FN:177,(anonymous_15)
FN:184,(anonymous_16)
FN:188,(anonymous_17)
FN:191,(anonymous_18)
FN:196,(anonymous_19)
FN:213,(anonymous_20)
FN:231,(anonymous_21)
FN:236,(anonymous_22)
FN:264,(anonymous_23)
FN:268,(anonymous_24)
FN:303,(anonymous_25)
FN:308,(anonymous_26)
FN:370,(anonymous_27)
FNF:18
FNH:0
FNDA:0,(anonymous_10)
FNDA:0,(anonymous_11)
FNDA:0,(anonymous_12)
FNDA:0,(anonymous_13)
FNDA:0,(anonymous_14)
FNDA:0,(anonymous_15)
FNDA:0,(anonymous_16)
FNDA:0,(anonymous_17)
FNDA:0,(anonymous_18)
FNDA:0,(anonymous_19)
FNDA:0,(anonymous_20)
FNDA:0,(anonymous_21)
FNDA:0,(anonymous_22)
FNDA:0,(anonymous_23)
FNDA:0,(anonymous_24)
FNDA:0,(anonymous_25)
FNDA:0,(anonymous_26)
FNDA:0,(anonymous_27)
DA:1,0
DA:2,0
DA:3,0
DA:4,0
DA:20,0
DA:27,0
DA:28,0
DA:31,0
DA:32,0
DA:35,0
DA:36,0
DA:38,0
DA:39,0
DA:40,0
DA:42,0
DA:43,0
DA:47,0
DA:48,0
DA:50,0
DA:51,0
DA:52,0
DA:53,0
DA:56,0
DA:58,0
DA:59,0
DA:60,0
DA:63,0
DA:64,0
DA:65,0
DA:67,0
DA:68,0
DA:69,0
DA:70,0
DA:71,0
DA:72,0
DA:73,0
DA:74,0
DA:75,0
DA:78,0
DA:79,0
DA:80,0
DA:85,0
DA:86,0
DA:87,0
DA:90,0
DA:93,0
DA:96,0
DA:97,0
DA:101,0
DA:104,0
DA:105,0
DA:108,0
DA:112,0
DA:114,0
DA:157,0
DA:158,0
DA:159,0
DA:160,0
DA:162,0
DA:163,0
DA:165,0
DA:170,0
DA:174,0
DA:178,0
DA:180,0
DA:182,0
DA:185,0
DA:186,0
DA:189,0
DA:191,0
DA:197,0
DA:198,0
DA:200,0
DA:203,0
DA:204,0
DA:205,0
DA:207,0
DA:208,0
DA:209,0
DA:214,0
DA:217,0
DA:218,0
DA:224,0
DA:228,0
DA:233,0
DA:237,0
DA:253,0
DA:254,0
DA:256,0
DA:257,0
DA:259,0
DA:265,0
DA:266,0
DA:268,0
DA:269,0
DA:270,0
DA:273,0
DA:276,0
DA:277,0
DA:279,0
DA:281,0
DA:292,0
DA:303,0
DA:304,0
DA:309,0
DA:312,0
DA:313,0
DA:316,0
DA:327,0
DA:328,0
DA:331,0
DA:337,0
DA:338,0
DA:341,0
DA:342,0
DA:345,0
DA:350,0
DA:356,0
DA:357,0
DA:360,0
DA:367,0
DA:372,0
DA:374,0
DA:375,0
DA:382,0
DA:383,0
DA:390,0
DA:395,0
DA:396,0
DA:397,0
LF:130
LH:0
BRDA:35,0,0,0
BRDA:35,0,1,0
BRDA:36,1,0,0
BRDA:36,1,1,0
BRDA:50,2,0,0
BRDA:50,2,1,0
BRDA:52,3,0,0
BRDA:52,4,0,0
BRDA:52,4,1,0
BRDA:53,5,0,0
BRDA:53,5,1,0
BRDA:58,6,0,0
BRDA:67,7,0,0
BRDA:67,8,0,0
BRDA:67,8,1,0
BRDA:78,9,0,0
BRDA:78,10,0,0
BRDA:78,10,1,0
BRDA:78,10,2,0
BRDA:96,11,0,0
BRDA:104,12,0,0
BRDA:162,13,0,0
BRDA:200,14,0,0
BRDA:200,14,1,0
BRDA:200,14,2,0
BRDA:217,15,0,0
BRDA:256,16,0,0
BRDA:256,16,1,0
BRDA:273,17,0,0
BRDA:273,17,1,0
BRDA:276,18,0,0
BRDA:276,18,1,0
BRDA:312,19,0,0
BRDA:327,20,0,0
BRDA:337,21,0,0
BRDA:337,22,0,0
BRDA:337,22,1,0
BRDA:341,23,0,0
BRDA:356,24,0,0
BRDA:374,25,0,0
BRDA:374,26,0,0
BRDA:374,26,1,0
BRDA:382,27,0,0
BRDA:382,28,0,0
BRDA:382,28,1,0
BRDA:395,29,0,0
BRF:46
BRH:0
end_of_record
